<?xml version="1.0" encoding="UTF-8"?>
<!-- Generated by org.testng.reporters.JUnitReportReporter -->
<testsuite hostname="ws172" failures="0" tests="1" name="mbabilo.Tests" time="0.009" errors="0" timestamp="11 сент. 2019 07:54:07 GMT" skipped="0">
  <testcase classname="mbabilo.Tests" name="testAssertThatListHasItems" time="0.009"/>
</testsuite> <!-- mbabilo.Tests -->
